\BOOKMARK [0][-]{chapter.1}{\376\377\000I\000N\000T\000R\000O\000D\000U\000C\000C\000I\000\323}{}% 1
\BOOKMARK [1][-]{section.1.1}{\376\377\000A\000n\000t\000e\000c\000e\000d\000e\000n\000t\000s}{chapter.1}% 2
\BOOKMARK [1][-]{section.1.2}{\376\377\000O\000b\000j\000e\000c\000t\000e}{chapter.1}% 3
\BOOKMARK [1][-]{section.1.3}{\376\377\000E\000s\000p\000e\000c\000i\000f\000i\000c\000a\000c\000i\000o\000n\000s\000\040\000i\000\040\000a\000b\000a\000s\000t}{chapter.1}% 4
\BOOKMARK [0][-]{chapter.2}{\376\377\000E\000L\000\040\000P\000R\000O\000B\000L\000E\000M\000A\000\040\000D\000E\000L\000\040\000F\000L\000U\000X\000\040\000D\000E\000\040\000C\000\300\000R\000R\000E\000G\000U\000E\000S}{}% 5
\BOOKMARK [1][-]{section.2.1}{\376\377\000T\000i\000p\000u\000s\000\040\000d\000e\000\040\000b\000u\000s\000o\000s}{chapter.2}% 6
\BOOKMARK [1][-]{section.2.2}{\376\377\000M\000o\000d\000e\000l\000i\000t\000z\000a\000c\000i\000\363\000\040\000d\000'\000e\000l\000e\000m\000e\000n\000t\000s}{chapter.2}% 7
\BOOKMARK [2][-]{subsection.2.2.1}{\376\377\000T\000r\000a\000n\000s\000f\000o\000r\000m\000a\000d\000o\000r\000s}{section.2.2}% 8
\BOOKMARK [2][-]{subsection.2.2.2}{\376\377\000L\000\355\000n\000i\000e\000s}{section.2.2}% 9
\BOOKMARK [1][-]{section.2.3}{\376\377\000M\000\350\000t\000o\000d\000e\000s\000\040\000t\000r\000a\000d\000i\000c\000i\000o\000n\000a\000l\000s\000\040\000d\000e\000\040\000r\000e\000s\000o\000l\000u\000c\000i\000\363}{chapter.2}% 10
\BOOKMARK [2][-]{subsection.2.3.1}{\376\377\000G\000a\000u\000s\000s\000-\000S\000e\000i\000d\000e\000l}{section.2.3}% 11
\BOOKMARK [2][-]{subsection.2.3.2}{\376\377\000N\000e\000w\000t\000o\000n\000-\000R\000a\000p\000h\000s\000o\000n}{section.2.3}% 12
\BOOKMARK [2][-]{subsection.2.3.3}{\376\377\000D\000e\000s\000a\000c\000o\000b\000l\000a\000t\000\040\000r\000\340\000p\000i\000d}{section.2.3}% 13
\BOOKMARK [0][-]{chapter.3}{\376\377\000M\000\310\000T\000O\000D\000E\000\040\000D\000'\000I\000N\000C\000R\000U\000S\000T\000A\000C\000I\000\323\000\040\000H\000O\000L\000O\000M\000\322\000R\000F\000I\000C\000A}{}% 14
\BOOKMARK [1][-]{section.3.1}{\376\377\000C\000a\000r\000a\000c\000t\000e\000r\000\355\000s\000t\000i\000q\000u\000e\000s}{chapter.3}% 15
\BOOKMARK [1][-]{section.3.2}{\376\377\000F\000o\000r\000m\000u\000l\000a\000c\000i\000\363\000\040\000o\000r\000i\000g\000i\000n\000a\000l}{chapter.3}% 16
\BOOKMARK [2][-]{subsection.3.2.1}{\376\377\000A\000l\000g\000o\000r\000i\000t\000m\000e}{section.3.2}% 17
\BOOKMARK [1][-]{section.3.3}{\376\377\000F\000o\000r\000m\000u\000l\000a\000c\000i\000\363\000\040\000p\000r\000\362\000p\000i\000a}{chapter.3}% 18
\BOOKMARK [2][-]{subsection.3.3.1}{\376\377\000A\000l\000g\000o\000r\000i\000t\000m\000e}{section.3.3}% 19
\BOOKMARK [0][-]{chapter.4}{\376\377\000A\000V\000A\000L\000U\000A\000C\000I\000\323\000\040\000D\000E\000\040\000L\000E\000S\000\040\000S\000\310\000R\000I\000E\000S}{}% 20
\BOOKMARK [1][-]{section.4.1}{\376\377\000R\000a\000d\000i\000\040\000d\000e\000\040\000c\000o\000n\000v\000e\000r\000g\000\350\000n\000c\000i\000a}{chapter.4}% 21
\BOOKMARK [1][-]{section.4.2}{\376\377\000M\000\350\000t\000o\000d\000e\000s\000\040\000d\000e\000\040\000r\000e\000c\000u\000r\000r\000\350\000n\000c\000i\000a}{chapter.4}% 22
\BOOKMARK [2][-]{subsection.4.2.1}{\376\377\000D\000e\000l\000t\000a\000\040\000d\000'\000A\000i\000t\000k\000e\000n}{section.4.2}% 23
\BOOKMARK [2][-]{subsection.4.2.2}{\376\377\000T\000r\000a\000n\000s\000f\000o\000r\000m\000a\000c\000i\000\363\000\040\000d\000e\000\040\000S\000h\000a\000n\000k\000s}{section.4.2}% 24
\BOOKMARK [2][-]{subsection.4.2.3}{\376\377\000R\000h\000o\000\040\000d\000e\000\040\000W\000y\000n\000n}{section.4.2}% 25
\BOOKMARK [2][-]{subsection.4.2.4}{\376\377\000\310\000p\000s\000i\000l\000o\000n\000\040\000d\000e\000\040\000W\000y\000n\000n}{section.4.2}% 26
\BOOKMARK [2][-]{subsection.4.2.5}{\376\377\000T\000h\000e\000t\000a\000\040\000d\000e\000\040\000B\000r\000e\000z\000i\000n\000s\000k\000i}{section.4.2}% 27
\BOOKMARK [2][-]{subsection.4.2.6}{\376\377\000E\000t\000a\000\040\000d\000e\000\040\000B\000a\000u\000e\000r}{section.4.2}% 28
\BOOKMARK [1][-]{section.4.3}{\376\377\000A\000p\000r\000o\000x\000i\000m\000a\000n\000t\000s\000\040\000d\000e\000\040\000P\000a\000d\000\351}{chapter.4}% 29
\BOOKMARK [2][-]{subsection.4.3.1}{\376\377\000C\000\340\000l\000c\000u\000l}{section.4.3}% 30
\BOOKMARK [2][-]{subsection.4.3.2}{\376\377\000A\000n\000\340\000l\000i\000s\000i\000\040\000d\000e\000\040\000p\000o\000l\000s\000\040\000i\000\040\000z\000e\000r\000o\000s}{section.4.3}% 31
\BOOKMARK [0][-]{chapter.5}{\376\377\000A\000P\000R\000O\000X\000I\000M\000A\000N\000T\000S\000\040\000D\000E\000\040\000T\000H\000\311\000V\000E\000N\000I\000N\000\040\000I\000\040\000A\000P\000R\000O\000X\000I\000M\000A\000N\000T\000S\000\040\000S\000I\000G\000M\000A}{}% 32
\BOOKMARK [1][-]{section.5.1}{\376\377\000A\000p\000r\000o\000x\000i\000m\000a\000n\000t\000s\000\040\000d\000e\000\040\000T\000h\000\351\000v\000e\000n\000i\000n}{chapter.5}% 33
\BOOKMARK [2][-]{subsection.5.1.1}{\376\377\000C\000\340\000l\000c\000u\000l}{section.5.1}% 34
\BOOKMARK [2][-]{subsection.5.1.2}{\376\377\000R\000e\000p\000r\000e\000s\000e\000n\000t\000a\000c\000i\000\363}{section.5.1}% 35
\BOOKMARK [1][-]{section.5.2}{\376\377\000A\000p\000r\000o\000x\000i\000m\000a\000n\000t\000s\000\040\000S\000i\000g\000m\000a}{chapter.5}% 36
\BOOKMARK [2][-]{subsection.5.2.1}{\376\377\000F\000o\000r\000m\000u\000l\000a\000c\000i\000\363}{section.5.2}% 37
\BOOKMARK [2][-]{subsection.5.2.2}{\376\377\000C\000\340\000l\000c\000u\000l}{section.5.2}% 38
\BOOKMARK [2][-]{subsection.5.2.3}{\376\377\000D\000i\000a\000g\000n\000\362\000s\000t\000i\000c}{section.5.2}% 39
\BOOKMARK [0][-]{chapter.6}{\376\377\000P\000A\000D\000\311\000-\000W\000E\000I\000E\000R\000S\000T\000R\000A\000S\000S}{}% 40
\BOOKMARK [1][-]{section.6.1}{\376\377\000P\000r\000i\000m\000e\000r\000\040\000g\000r\000a\000\363}{chapter.6}% 41
\BOOKMARK [2][-]{subsection.6.1.1}{\376\377\000B\000u\000s\000o\000s\000\040\000P\000Q}{section.6.1}% 42
\BOOKMARK [2][-]{subsection.6.1.2}{\376\377\000B\000u\000s\000o\000s\000\040\000P\000V}{section.6.1}% 43
\BOOKMARK [2][-]{subsection.6.1.3}{\376\377\000C\000o\000m\000p\000a\000c\000t\000a\000c\000i\000\363}{section.6.1}% 44
\BOOKMARK [2][-]{subsection.6.1.4}{\376\377\000A\000l\000g\000o\000r\000i\000t\000m\000e}{section.6.1}% 45
\BOOKMARK [1][-]{section.6.2}{\376\377\000G\000e\000n\000e\000r\000a\000l\000i\000t\000z\000a\000c\000i\000\363}{chapter.6}% 46
\BOOKMARK [2][-]{subsection.6.2.1}{\376\377\000B\000u\000s\000o\000s\000\040\000P\000Q}{section.6.2}% 47
\BOOKMARK [2][-]{subsection.6.2.2}{\376\377\000C\000o\000m\000p\000a\000c\000t\000a\000c\000i\000\363}{section.6.2}% 48
\BOOKMARK [2][-]{subsection.6.2.3}{\376\377\000B\000u\000s\000o\000s\000\040\000P\000V}{section.6.2}% 49
\BOOKMARK [2][-]{subsection.6.2.4}{\376\377\000P\000u\000n\000t\000\040\000d\000'\000a\000v\000a\000l\000u\000a\000c\000i\000\363\000\040\000d\000e\000\040\000l\000e\000s\000\040\000s\000o\000l\000u\000c\000i\000o\000n\000s\000\040\000p\000a\000r\000c\000i\000a\000l\000s}{section.6.2}% 50
\BOOKMARK [0][-]{chapter.7}{\376\377\000C\000I\000R\000C\000U\000I\000T\000\040\000D\000E\000\040\000C\000O\000R\000R\000E\000N\000T\000\040\000C\000O\000N\000T\000I\000N\000U\000\040\000I\000\040\000C\000\300\000R\000R\000E\000G\000A\000\040\000N\000O\000\040\000L\000I\000N\000E\000A\000L}{}% 51
\BOOKMARK [1][-]{section.7.1}{\376\377\000C\000i\000r\000c\000u\000i\000t\000\040\000d\000e\000\040\000c\000o\000r\000r\000e\000n\000t\000\040\000c\000o\000n\000t\000i\000n\000u}{chapter.7}% 52
\BOOKMARK [2][-]{subsection.7.1.1}{\376\377\000F\000o\000r\000m\000u\000l\000a\000c\000i\000\363}{section.7.1}% 53
\BOOKMARK [2][-]{subsection.7.1.2}{\376\377\000R\000e\000s\000u\000l\000t\000a\000t\000s}{section.7.1}% 54
\BOOKMARK [1][-]{section.7.2}{\376\377\000C\000\340\000r\000r\000e\000g\000a\000\040\000n\000o\000\040\000l\000i\000n\000e\000a\000l}{chapter.7}% 55
\BOOKMARK [2][-]{subsection.7.2.1}{\376\377\000F\000o\000r\000m\000u\000l\000a\000c\000i\000\363}{section.7.2}% 56
\BOOKMARK [2][-]{subsection.7.2.2}{\376\377\000R\000e\000s\000u\000l\000t\000a\000t\000s}{section.7.2}% 57
\BOOKMARK [0][-]{chapter.8}{\376\377\000P\000R\000O\000G\000R\000A\000M\000A}{}% 58
\BOOKMARK [1][-]{section.8.1}{\376\377\000I\000n\000i\000c\000i\000a\000l\000i\000t\000z\000a\000c\000i\000\363}{chapter.8}% 59
\BOOKMARK [1][-]{section.8.2}{\376\377\000C\000\340\000l\000c\000u\000l\000\040\000d\000e\000\040\000c\000o\000e\000f\000i\000c\000i\000e\000n\000t\000s}{chapter.8}% 60
\BOOKMARK [1][-]{section.8.3}{\376\377\000P\000a\000d\000\351\000-\000W\000e\000i\000e\000r\000s\000t\000r\000a\000s\000s}{chapter.8}% 61
\BOOKMARK [1][-]{section.8.4}{\376\377\000I\000n\000c\000o\000r\000p\000o\000r\000a\000c\000i\000\363\000\040\000a\000l\000\040\000G\000r\000i\000d\000C\000a\000l}{chapter.8}% 62
\BOOKMARK [0][-]{chapter.9}{\376\377\000R\000E\000S\000U\000L\000T\000A\000T\000S\000\040\000A\000M\000B\000\040\000X\000A\000R\000X\000E\000S\000\040\000D\000E\000\040\000T\000E\000S\000T\000\040\000I\000N\000I\000C\000I\000A\000L\000S}{}% 63
\BOOKMARK [1][-]{section.9.1}{\376\377\000D\000i\000a\000g\000n\000\362\000s\000t\000i\000c}{chapter.9}% 64
\BOOKMARK [1][-]{section.9.2}{\376\377\000C\000o\000m\000p\000a\000r\000a\000c\000i\000\363\000\040\000a\000m\000b\000\040\000m\000\350\000t\000o\000d\000e\000s\000\040\000t\000r\000a\000d\000i\000c\000i\000o\000n\000a\000l\000s}{chapter.9}% 65
\BOOKMARK [1][-]{section.9.3}{\376\377\000I\000n\000f\000l\000u\000\350\000n\000c\000i\000a\000\040\000d\000e\000\040\000l\000a\000\040\000p\000r\000o\000f\000u\000n\000d\000i\000t\000a\000t}{chapter.9}% 66
\BOOKMARK [0][-]{chapter.10}{\376\377\000R\000E\000S\000U\000L\000T\000A\000T\000S\000\040\000A\000M\000B\000\040\000A\000U\000G\000M\000E\000N\000T\000\040\000D\000E\000\040\000C\000\300\000R\000R\000E\000G\000A\000\040\000D\000E\000\040\000X\000A\000R\000X\000E\000S\000\040\000D\000E\000\040\000T\000E\000S\000T}{}% 67
\BOOKMARK [1][-]{section.10.1}{\376\377\000C\000a\000s\000\040\000d\000'\0001\0001\000\040\000b\000u\000s\000o\000s}{chapter.10}% 68
\BOOKMARK [1][-]{section.10.2}{\376\377\000I\000E\000E\000E\0001\0004}{chapter.10}% 69
\BOOKMARK [1][-]{section.10.3}{\376\377\000I\000E\000E\000E\0003\0000}{chapter.10}% 70
\BOOKMARK [1][-]{section.10.4}{\376\377\000N\000o\000r\000d\000\040\000P\000o\000o\000l}{chapter.10}% 71
\BOOKMARK [1][-]{section.10.5}{\376\377\000I\000E\000E\000E\0001\0001\0008}{chapter.10}% 72
\BOOKMARK [1][-]{section.10.6}{\376\377\000P\000E\000G\000A\000S\000E\0002\0008\0006\0009}{chapter.10}% 73
\BOOKMARK [0][-]{chapter.11}{\376\377\000R\000E\000S\000U\000M\000\040\000D\000E\000L\000\040\000P\000R\000E\000S\000S\000U\000P\000O\000S\000T}{}% 74
\BOOKMARK [0][-]{chapter.12}{\376\377\000C\000O\000N\000C\000L\000U\000S\000I\000O\000N\000S}{}% 75
\BOOKMARK [1][-]{section.12.1}{\376\377\000T\000r\000e\000b\000a\000l\000l\000s\000\040\000f\000u\000t\000u\000r\000s}{chapter.12}% 76
\BOOKMARK [0][-]{chapter.13}{\376\377\000R\000E\000L\000A\000C\000I\000\323\000\040\000D\000E\000\040\000D\000O\000C\000U\000M\000E\000N\000T\000S}{}% 77
\BOOKMARK [0][-]{chapter.14}{\376\377\000B\000I\000B\000L\000I\000O\000G\000R\000A\000F\000I\000A}{}% 78
\BOOKMARK [0][-]{chapter.15}{\376\377\000G\000L\000O\000S\000S\000A\000R\000I}{}% 79
\BOOKMARK [0][-]{appendix.A}{\376\377\000E\000X\000P\000R\000E\000S\000S\000I\000O\000N\000S\000\040\000D\000E\000\040\000C\000\300\000L\000C\000U\000L}{}% 80
\BOOKMARK [1][-]{section.A.1}{\376\377\000V\000a\000l\000o\000r\000s\000\040\000u\000n\000i\000t\000a\000r\000i\000s}{appendix.A}% 81
\BOOKMARK [1][-]{section.A.2}{\376\377\000J\000a\000c\000o\000b\000i\000\340\000\040\000d\000e\000l\000\040\000N\000R}{appendix.A}% 82
\BOOKMARK [1][-]{section.A.3}{\376\377\000M\000a\000t\000r\000i\000u\000s\000\040\000B\000'\000\040\000i\000\040\000B\000'\000'\000\040\000d\000e\000l\000\040\000F\000D\000L\000F}{appendix.A}% 83
\BOOKMARK [0][-]{appendix.B}{\376\377\000C\000O\000D\000I}{}% 84
\BOOKMARK [1][-]{section.B.1}{\376\377\000M\000I\000H\000\040\000f\000o\000r\000m\000u\000l\000a\000c\000i\000\363\000\040\000p\000r\000\362\000p\000i\000a}{appendix.B}% 85
\BOOKMARK [1][-]{section.B.2}{\376\377\000M\000I\000H\000\040\000f\000o\000r\000m\000u\000l\000a\000c\000i\000\363\000\040\000o\000r\000i\000g\000i\000n\000a\000l}{appendix.B}% 86
\BOOKMARK [1][-]{section.B.3}{\376\377\000F\000u\000n\000c\000i\000o\000n\000s\000:\000\040\000P\000a\000d\000\351\000,\000\040\000T\000h\000\351\000v\000e\000n\000i\000n\000,\000\040\000S\000i\000g\000m\000a\000\040\000i\000\040\000m\000\350\000t\000o\000d\000e\000s\000\040\000r\000e\000c\000u\000r\000s\000i\000u\000s}{appendix.B}% 87
\BOOKMARK [1][-]{section.B.4}{\376\377\000P\000a\000d\000\351\000-\000W\000e\000i\000e\000r\000s\000t\000r\000a\000s\000s}{appendix.B}% 88
\BOOKMARK [1][-]{section.B.5}{\376\377\000M\000a\000t\000r\000i\000u\000\040\000c\000o\000m\000\040\000a\000\040\000i\000m\000a\000t\000g\000e\000,\000\040\000g\000r\000\340\000f\000i\000c\000\040\000d\000e\000\040\000D\000o\000m\000b\000-\000S\000y\000k\000e\000s\000\040\000i\000\040\000g\000r\000\340\000f\000i\000c\000\040\000S\000i\000g\000m\000a}{appendix.B}% 89
\BOOKMARK [1][-]{section.B.6}{\376\377\000C\000i\000r\000c\000u\000i\000t\000\040\000d\000e\000\040\000c\000o\000r\000r\000e\000n\000t\000\040\000c\000o\000n\000t\000i\000n\000u}{appendix.B}% 90
\BOOKMARK [1][-]{section.B.7}{\376\377\000C\000\340\000r\000r\000e\000g\000a\000\040\000n\000o\000\040\000l\000i\000n\000e\000a\000l\000\040\000a\000m\000b\000\040\000M\000I\000H}{appendix.B}% 91
\BOOKMARK [1][-]{section.B.8}{\376\377\000C\000\340\000r\000r\000e\000g\000a\000\040\000n\000o\000\040\000l\000i\000n\000e\000a\000l\000\040\000a\000m\000b\000\040\000G\000S}{appendix.B}% 92
